#
# An unexpected error has been detected by Java Runtime Environment:
#
#  Internal Error (os_windows_x86.cpp:117), pid=4528, tid=6204
#  Error: guarantee(result == -1,"Unexpected result from topLevelExceptionFilter")
#
# Java VM: Java HotSpot(TM) 64-Bit Server VM (11.2-b01 mixed mode windows-amd64)
# If you would like to submit a bug report, please visit:
#   http://java.sun.com/webapps/bugreport/crash.jsp
# The crash happened outside the Java Virtual Machine in native code.
# See problematic frame for where to report the bug.
#

---------------  T H R E A D  ---------------

Current thread (0x000000000d33c400):  JavaThread "main" [_thread_in_native, id=6204, stack(0x0000000000030000,0x0000000001030000)]

Stack: [0x0000000000030000,0x0000000001030000]
[error occurred during error reporting (printing stack bounds), id 0xc0000005]


[error occurred during error reporting (printing native stack), id 0xc0000005]

Java frames: (J=compiled Java code, j=interpreted, Vv=VM code)
J  com.mathworks.jmi.NativeMatlab.PostMatlabMessage(Ljava/lang/Object;J)V
J  com.mathworks.jmi.MatlabErrStream.flush()V
J  sun.nio.cs.StreamEncoder.writeBytes()V
J  sun.nio.cs.StreamEncoder.write([CII)V
J  java.io.BufferedWriter.flushBuffer()V
J  java.io.PrintStream.print(Ljava/lang/String;)V
j  java.io.PrintStream.println(Ljava/lang/Object;)V+11
j  java.lang.Throwable.printStackTrace(Ljava/io/PrintStream;)V+6
j  java.lang.Throwable.printStackTrace()V+4
v  ~StubRoutines::call_stub

---------------  P R O C E S S  ---------------

Java Threads: ( => current thread )
  0x0000000042fe6c00 JavaThread "Thread-4088" [_thread_blocked, id=844, stack(0x0000000006ef0000,0x0000000006f70000)]
  0x0000000042fe5800 JavaThread "Thread-4087" [_thread_blocked, id=3364, stack(0x0000000047830000,0x00000000478b0000)]
  0x0000000042fe5000 JavaThread "Thread-4086" [_thread_blocked, id=8272, stack(0x00000000477b0000,0x0000000047830000)]
  0x0000000042fe4800 JavaThread "Thread-4085" [_thread_blocked, id=2812, stack(0x0000000047730000,0x00000000477b0000)]
  0x0000000042fe4400 JavaThread "Thread-4084" [_thread_blocked, id=4100, stack(0x00000000476b0000,0x0000000047730000)]
  0x0000000042fe3c00 JavaThread "Thread-4083" [_thread_blocked, id=7984, stack(0x0000000047630000,0x00000000476b0000)]
  0x0000000042fe3400 JavaThread "Thread-4082" [_thread_blocked, id=4796, stack(0x00000000475b0000,0x0000000047630000)]
  0x0000000043204400 JavaThread "Thread-4081" [_thread_blocked, id=8908, stack(0x0000000047530000,0x00000000475b0000)]
  0x0000000043203c00 JavaThread "Thread-4080" [_thread_blocked, id=7440, stack(0x00000000474b0000,0x0000000047530000)]
  0x0000000043203800 JavaThread "Thread-4079" [_thread_blocked, id=8564, stack(0x0000000047430000,0x00000000474b0000)]
  0x0000000043203000 JavaThread "Thread-4078" [_thread_blocked, id=2852, stack(0x00000000473b0000,0x0000000047430000)]
  0x0000000043202800 JavaThread "Thread-4077" [_thread_blocked, id=9080, stack(0x0000000047330000,0x00000000473b0000)]
  0x0000000043202000 JavaThread "Thread-4076" [_thread_blocked, id=4648, stack(0x00000000472b0000,0x0000000047330000)]
  0x0000000043201c00 JavaThread "Thread-4075" [_thread_blocked, id=7596, stack(0x0000000047230000,0x00000000472b0000)]
  0x0000000043201400 JavaThread "Thread-4074" [_thread_blocked, id=7032, stack(0x00000000471b0000,0x0000000047230000)]
  0x0000000043200c00 JavaThread "Thread-4073" [_thread_blocked, id=5924, stack(0x0000000047130000,0x00000000471b0000)]
  0x0000000043200400 JavaThread "Thread-4072" [_thread_blocked, id=7300, stack(0x00000000470b0000,0x0000000047130000)]
  0x00000000431ffc00 JavaThread "Thread-4071" [_thread_blocked, id=5308, stack(0x0000000046060000,0x00000000460e0000)]
  0x00000000431ff800 JavaThread "Thread-4070" [_thread_blocked, id=4588, stack(0x0000000045fe0000,0x0000000046060000)]
  0x0000000042fe8800 JavaThread "Foxtrot Single Worker Thread #1" daemon [_thread_blocked, id=4816, stack(0x0000000045c00000,0x0000000045c80000)]
  0x0000000042fe7400 JavaThread "Prefs Updater" daemon [_thread_blocked, id=6684, stack(0x0000000045b80000,0x0000000045c00000)]
  0x00000000431ff000 JavaThread "Active Reference Queue Daemon" daemon [_thread_blocked, id=7412, stack(0x0000000045f60000,0x0000000045fe0000)]
  0x00000000431fe800 JavaThread "Timer-8" daemon [_thread_blocked, id=3356, stack(0x0000000045ee0000,0x0000000045f60000)]
  0x00000000431fe000 JavaThread "FelixPackageAdmin" daemon [_thread_blocked, id=7592, stack(0x0000000045e60000,0x0000000045ee0000)]
  0x00000000431fdc00 JavaThread "FelixStartLevel" daemon [_thread_blocked, id=4620, stack(0x0000000045de0000,0x0000000045e60000)]
  0x00000000431fd400 JavaThread "FelixDispatchQueue" [_thread_blocked, id=8396, stack(0x0000000045d60000,0x0000000045de0000)]
  0x00000000431fcc00 JavaThread "Timer-7" daemon [_thread_blocked, id=5648, stack(0x0000000045c80000,0x0000000045d00000)]
  0x0000000042e89c00 JavaThread "TimerQueue" daemon [_thread_blocked, id=5388, stack(0x0000000044060000,0x00000000440e0000)]
  0x000000004235f400 JavaThread "AWT-Windows" daemon [_thread_in_native, id=7876, stack(0x0000000042630000,0x00000000426b0000)]
  0x000000004235ec00 JavaThread "AWT-Shutdown" [_thread_blocked, id=8200, stack(0x00000000425b0000,0x0000000042630000)]
  0x000000003d55f800 JavaThread "Java2D Disposer" daemon [_thread_blocked, id=8652, stack(0x0000000042530000,0x00000000425b0000)]
  0x000000003d801800 JavaThread "Timer-0" [_thread_blocked, id=5124, stack(0x00000000423f0000,0x0000000042470000)]
  0x0000000041c30c00 JavaThread "JMI Unnamed Thread" [_thread_in_native, id=5708, stack(0x0000000007fe0000,0x0000000008fe0000)]
  0x000000003d6bec00 JavaThread "Low Memory Detector" daemon [_thread_blocked, id=3824, stack(0x0000000040a70000,0x0000000040af0000)]
  0x000000003d56f800 JavaThread "CompilerThread1" daemon [_thread_blocked, id=8996, stack(0x000000003fa70000,0x0000000040a70000)]
  0x000000000d42e400 JavaThread "CompilerThread0" daemon [_thread_blocked, id=7940, stack(0x000000003ea70000,0x000000003fa70000)]
  0x000000000d42e000 JavaThread "Attach Listener" daemon [_thread_blocked, id=7828, stack(0x000000003e9f0000,0x000000003ea70000)]
  0x000000003d6b8c00 JavaThread "Finalizer" daemon [_thread_blocked, id=9088, stack(0x000000003e970000,0x000000003e9f0000)]
  0x000000003d6b8000 JavaThread "Reference Handler" daemon [_thread_blocked, id=6476, stack(0x000000003c8e0000,0x000000003c960000)]
=>0x000000000d33c400 JavaThread "main" [_thread_in_native, id=6204, stack(0x0000000000030000,0x0000000001030000)]

Other Threads:
  0x000000003d6b1400 VMThread [stack: 0x000000003d970000,0x000000003e970000] [id=6396]
  0x000000003d6e3800 WatcherThread [stack: 0x0000000040bf0000,0x0000000041bf0000] [id=7636]

VM state:not at safepoint (normal execution)

VM Mutex/Monitor currently owned by a thread: None

Heap
 PSYoungGen      total 42368K, used 35263K [0x0000000021730000, 0x00000000247e0000, 0x0000000024830000)
  eden space 35264K, 99% used [0x0000000021730000,0x000000002399ff18,0x00000000239a0000)
  from space 7104K, 0% used [0x00000000240f0000,0x00000000240f0000,0x00000000247e0000)
  to   space 7296K, 0% used [0x00000000239a0000,0x00000000239a0000,0x00000000240c0000)
 PSOldGen        total 150528K, used 150528K [0x0000000018430000, 0x0000000021730000, 0x0000000021730000)
  object space 150528K, 100% used [0x0000000018430000,0x0000000021730000,0x0000000021730000)
 PSPermGen       total 55872K, used 55612K [0x0000000010430000, 0x0000000013ac0000, 0x0000000018430000)
  object space 55872K, 99% used [0x0000000010430000,0x0000000013a7f360,0x0000000013ac0000)

Dynamic libraries:
0x0000000140000000 - 0x0000000140038000 	C:\Program Files\MATLAB\R2009bSP1x64\bin\win64\MATLAB.exe
0x0000000077860000 - 0x0000000077a0c000 	C:\Windows\SYSTEM32\ntdll.dll
0x0000000077640000 - 0x000000007775f000 	C:\Windows\system32\kernel32.dll
0x000007fefdac0000 - 0x000007fefdb2c000 	C:\Windows\system32\KERNELBASE.dll
0x000000007c9c0000 - 0x000000007cac9000 	C:\Program Files\MATLAB\R2009bSP1x64\bin\win64\libut.dll
0x000007fefe090000 - 0x000007fefe0a7000 	C:\Windows\system32\imagehlp.dll
0x000007fefdff0000 - 0x000007fefe08f000 	C:\Windows\system32\msvcrt.dll
0x0000000077a20000 - 0x0000000077a27000 	C:\Windows\system32\PSAPI.DLL
0x000000007d230000 - 0x000000007d258000 	C:\Program Files\MATLAB\R2009bSP1x64\bin\win64\LIBEXPAT.dll
0x00000000754c0000 - 0x0000000075589000 	C:\Windows\WinSxS\amd64_microsoft.vc80.crt_1fc8b3b9a1e18e3b_8.0.50727.6195_none_88e41e092fab0294\MSVCR80.dll
0x000000007cf30000 - 0x000000007d05c000 	C:\Program Files\MATLAB\R2009bSP1x64\bin\win64\icuuc40.dll
0x000007feff270000 - 0x000007feff34b000 	C:\Windows\system32\ADVAPI32.dll
0x000007fefddf0000 - 0x000007fefde0f000 	C:\Windows\SYSTEM32\sechost.dll
0x000007feff9f0000 - 0x000007feffb1e000 	C:\Windows\system32\RPCRT4.dll
0x000000007c490000 - 0x000000007c493000 	C:\Program Files\MATLAB\R2009bSP1x64\bin\win64\icudt40.dll
0x000000007c4a0000 - 0x000000007c4b0000 	C:\Program Files\MATLAB\R2009bSP1x64\bin\win64\icuio40.dll
0x000000007c670000 - 0x000000007c7c3000 	C:\Program Files\MATLAB\R2009bSP1x64\bin\win64\icuin40.dll
0x00000000753b0000 - 0x00000000754b9000 	C:\Windows\WinSxS\amd64_microsoft.vc80.crt_1fc8b3b9a1e18e3b_8.0.50727.6195_none_88e41e092fab0294\MSVCP80.dll
0x0000000077760000 - 0x000000007785a000 	C:\Windows\system32\USER32.dll
0x000007fefe0b0000 - 0x000007fefe117000 	C:\Windows\system32\GDI32.dll
0x000007fefdb90000 - 0x000007fefdb9e000 	C:\Windows\system32\LPK.dll
0x000007fefdba0000 - 0x000007fefdc6a000 	C:\Windows\system32\USP10.dll
0x0000000078820000 - 0x0000000078890000 	C:\Program Files\MATLAB\R2009bSP1x64\bin\win64\libmwfl.dll
0x000000007e3f0000 - 0x000000007e3ff000 	C:\Program Files\MATLAB\R2009bSP1x64\bin\win64\boost_date_time-vc80-mt-1_36.dll
0x000000007e3d0000 - 0x000000007e3e6000 	C:\Program Files\MATLAB\R2009bSP1x64\bin\win64\boost_signals-vc80-mt-1_36.dll
0x000000007d6b0000 - 0x000000007d6b9000 	C:\Program Files\MATLAB\R2009bSP1x64\bin\win64\boost_system-vc80-mt-1_36.dll
0x000000007c470000 - 0x000000007c481000 	C:\Program Files\MATLAB\R2009bSP1x64\bin\win64\boost_thread-vc80-mt-1_36.dll
0x000000007cb80000 - 0x000000007cdf1000 	C:\Program Files\MATLAB\R2009bSP1x64\bin\win64\libmwservices.dll
0x000000007cad0000 - 0x000000007cb7f000 	C:\Program Files\MATLAB\R2009bSP1x64\bin\win64\libmx.dll
0x0000000079070000 - 0x0000000079087000 	C:\Program Files\MATLAB\R2009bSP1x64\bin\win64\zlib1.dll
0x000000007ce00000 - 0x000000007cf28000 	C:\Program Files\MATLAB\R2009bSP1x64\bin\win64\libmwmathutil.dll
0x000000007a660000 - 0x000000007a6b8000 	C:\Program Files\MATLAB\R2009bSP1x64\bin\win64\mpath.dll
0x000000007d260000 - 0x000000007d2b1000 	C:\Program Files\MATLAB\R2009bSP1x64\bin\win64\mlutil.dll
0x00000000787b0000 - 0x00000000787ee000 	C:\Program Files\MATLAB\R2009bSP1x64\bin\win64\tbb.dll
0x000007fef12f0000 - 0x000007fef1390000 	C:\Windows\WinSxS\amd64_microsoft.windows.common-controls_6595b64144ccf1df_5.82.7600.16661_none_a44e1fc257f685f6\COMCTL32.dll
0x000007feff500000 - 0x000007feff598000 	C:\Windows\system32\comdlg32.dll
0x000007feff910000 - 0x000007feff981000 	C:\Windows\system32\SHLWAPI.dll
0x000007fefe1f0000 - 0x000007fefef76000 	C:\Windows\system32\SHELL32.dll
0x000007fefae50000 - 0x000007fefae66000 	C:\Windows\system32\NETAPI32.dll
0x000007fefae40000 - 0x000007fefae4c000 	C:\Windows\system32\netutils.dll
0x000007fefd2f0000 - 0x000007fefd313000 	C:\Windows\system32\srvcli.dll
0x000007fefae20000 - 0x000007fefae35000 	C:\Windows\system32\wkscli.dll
0x000007feff990000 - 0x000007feff9dd000 	C:\Windows\system32\WS2_32.dll
0x000007feff9e0000 - 0x000007feff9e8000 	C:\Windows\system32\NSI.dll
0x000000007e670000 - 0x000000007e68d000 	C:\Program Files\MATLAB\R2009bSP1x64\bin\win64\boost_filesystem-vc80-mt-1_36.dll
0x000000007aa20000 - 0x000000007aab7000 	C:\Program Files\MATLAB\R2009bSP1x64\bin\win64\mcr.dll
0x000000007c4b0000 - 0x000000007c53c000 	C:\Program Files\MATLAB\R2009bSP1x64\bin\win64\iqm.dll
0x000000007b170000 - 0x000000007ba70000 	C:\Program Files\MATLAB\R2009bSP1x64\bin\win64\m_interpreter.dll
0x000000007c560000 - 0x000000007c570000 	C:\Program Files\MATLAB\R2009bSP1x64\bin\win64\libmex.dll
0x000000007a890000 - 0x000000007a93b000 	C:\Program Files\MATLAB\R2009bSP1x64\bin\win64\m_dispatcher.dll
0x000000007e2f0000 - 0x000000007e37c000 	C:\Program Files\MATLAB\R2009bSP1x64\bin\win64\xmlcore.dll
0x000000007a020000 - 0x000000007a2b5000 	C:\Program Files\MATLAB\R2009bSP1x64\bin\win64\xerces-c_2_7.dll
0x000000007e550000 - 0x000000007e641000 	C:\Program Files\MATLAB\R2009bSP1x64\bin\win64\boost_regex-vc80-mt-1_36.dll
0x000000007a730000 - 0x000000007a7c1000 	C:\Program Files\MATLAB\R2009bSP1x64\bin\win64\profiler.dll
0x000000007c5e0000 - 0x000000007c60a000 	C:\Program Files\MATLAB\R2009bSP1x64\bin\win64\libmwmathrng.dll
0x0000000078fd0000 - 0x0000000078fea000 	C:\Program Files\MATLAB\R2009bSP1x64\bin\win64\m_pcodeio.dll
0x000000007a610000 - 0x000000007a65d000 	C:\Program Files\MATLAB\R2009bSP1x64\bin\win64\m_ir.dll
0x000000007ab70000 - 0x000000007b163000 	C:\Program Files\MATLAB\R2009bSP1x64\bin\win64\m_parser.dll
0x000000007c540000 - 0x000000007c554000 	C:\Program Files\MATLAB\R2009bSP1x64\bin\win64\ir_xfmr.dll
0x0000000078890000 - 0x0000000078b39000 	C:\Program Files\MATLAB\R2009bSP1x64\bin\win64\mcos.dll
0x000000007c620000 - 0x000000007c62c000 	C:\Program Files\MATLAB\R2009bSP1x64\bin\win64\mtok.dll
0x0000000078fb0000 - 0x0000000078fd0000 	C:\Program Files\MATLAB\R2009bSP1x64\bin\win64\m_pcodegen.dll
0x000007fefb3b0000 - 0x000007fefb4d5000 	C:\Windows\system32\dbghelp.dll
0x0000000078ec0000 - 0x0000000078ee4000 	C:\Program Files\MATLAB\R2009bSP1x64\bin\win64\bridge.dll
0x000000007c100000 - 0x000000007c1c0000 	C:\Program Files\MATLAB\R2009bSP1x64\bin\win64\udd.dll
0x000000007d060000 - 0x000000007d1ad000 	C:\Program Files\MATLAB\R2009bSP1x64\bin\win64\libmwgui.dll
0x00000000790e0000 - 0x000000007980b000 	C:\Program Files\MATLAB\R2009bSP1x64\bin\win64\hg.dll
0x0000000078ef0000 - 0x0000000078f2c000 	C:\Program Files\MATLAB\R2009bSP1x64\bin\win64\libmat.dll
0x000000007c7d0000 - 0x000000007c9be000 	C:\Program Files\MATLAB\R2009bSP1x64\bin\win64\libhdf5.dll
0x000000007a550000 - 0x000000007a5af000 	C:\Program Files\MATLAB\R2009bSP1x64\bin\win64\jmi.dll
0x000000007a490000 - 0x000000007a4d0000 	C:\Program Files\MATLAB\R2009bSP1x64\bin\win64\libmwhardcopy.dll
0x000000007a5b0000 - 0x000000007a60a000 	C:\Program Files\MATLAB\R2009bSP1x64\bin\win64\libuij.dll
0x0000000078680000 - 0x00000000787ab000 	C:\Program Files\MATLAB\R2009bSP1x64\bin\win64\hgdatatypes.dll
0x0000000078630000 - 0x000000007867b000 	C:\Program Files\MATLAB\R2009bSP1x64\bin\win64\hgutils.dll
0x0000000078f30000 - 0x0000000078fa5000 	C:\Program Files\MATLAB\R2009bSP1x64\bin\win64\libmwlapack.dll
0x000000007c580000 - 0x000000007c593000 	C:\Program Files\MATLAB\R2009bSP1x64\bin\win64\libmwbinder.dll
0x000000007c1c0000 - 0x000000007c469000 	C:\Program Files\MATLAB\R2009bSP1x64\bin\win64\uiw.dll
0x000000007c660000 - 0x000000007c66a000 	C:\Program Files\MATLAB\R2009bSP1x64\bin\win64\uinone.dll
0x0000000075210000 - 0x00000000753ac000 	C:\Windows\WinSxS\amd64_microsoft.vc80.mfc_1fc8b3b9a1e18e3b_8.0.50727.6195_none_8448b2bd328df189\MFC80.DLL
0x000007fef8250000 - 0x000007fef82c0000 	C:\Windows\system32\WINSPOOL.DRV
0x000007feff060000 - 0x000007feff262000 	C:\Windows\system32\ole32.dll
0x000007fefef80000 - 0x000007feff057000 	C:\Windows\system32\OLEAUT32.dll
0x000000007aac0000 - 0x000000007ab6f000 	C:\Program Files\MATLAB\R2009bSP1x64\bin\win64\udd_mi.dll
0x0000000078ff0000 - 0x0000000079008000 	C:\Program Files\MATLAB\R2009bSP1x64\bin\win64\mwoles05.DLL
0x000000007a6c0000 - 0x000000007a72a000 	C:\Program Files\MATLAB\R2009bSP1x64\bin\win64\comcli.dll
0x0000000075130000 - 0x0000000075150000 	C:\Windows\WinSxS\amd64_microsoft.vc80.atl_1fc8b3b9a1e18e3b_8.0.50727.6195_none_8a1dd9552ed7f8d8\ATL80.DLL
0x000000007c610000 - 0x000000007c61e000 	C:\Program Files\MATLAB\R2009bSP1x64\bin\win64\mlautoregister.dll
0x000007fefd620000 - 0x000007fefd677000 	C:\Windows\system32\apphelp.dll
0x000007fef2390000 - 0x000007fef23e1000 	C:\Windows\AppPatch\AppPatch64\AcGenral.DLL
0x000007fefd760000 - 0x000007fefd785000 	C:\Windows\system32\SspiCli.dll
0x0000000074e20000 - 0x0000000074e23000 	C:\Windows\system32\sfc.dll
0x000007fefa290000 - 0x000007fefa2a0000 	C:\Windows\system32\sfc_os.DLL
0x000007fefcb10000 - 0x000007fefcb2e000 	C:\Windows\system32\USERENV.dll
0x000007fefd7c0000 - 0x000007fefd7cf000 	C:\Windows\system32\profapi.dll
0x000007fefad40000 - 0x000007fefad58000 	C:\Windows\system32\dwmapi.dll
0x000007fefb260000 - 0x000007fefb278000 	C:\Windows\system32\MPR.dll
0x000007fefe1c0000 - 0x000007fefe1ee000 	C:\Windows\system32\IMM32.DLL
0x000007feff800000 - 0x000007feff909000 	C:\Windows\system32\MSCTF.dll
0x0000000075200000 - 0x000000007520d000 	C:\Windows\WinSxS\amd64_microsoft.vc80.mfcloc_1fc8b3b9a1e18e3b_8.0.50727.6195_none_bc20f59b0bdd1acd\MFC80ENU.DLL
0x000007fefd790000 - 0x000007fefd79f000 	C:\Windows\system32\CRYPTBASE.dll
0x000007fefbb10000 - 0x000007fefbb66000 	C:\Windows\system32\uxtheme.dll
0x000007fefc000000 - 0x000007fefc1f4000 	C:\Windows\WinSxS\amd64_microsoft.windows.common-controls_6595b64144ccf1df_6.0.7600.16661_none_fa62ad231704eab7\comctl32.dll
0x000007fefde10000 - 0x000007fefdfe7000 	C:\Windows\system32\SETUPAPI.dll
0x000007fefdb30000 - 0x000007fefdb66000 	C:\Windows\system32\CFGMGR32.dll
0x000007fefdb70000 - 0x000007fefdb8a000 	C:\Windows\system32\DEVOBJ.dll
0x000007fefe120000 - 0x000007fefe1b9000 	C:\Windows\system32\CLBCatQ.DLL
0x000007fefbb70000 - 0x000007fefbc9c000 	C:\Windows\system32\propsys.dll
0x000007fefc8b0000 - 0x000007fefc8dd000 	C:\Windows\system32\ntmarta.dll
0x000007feffb20000 - 0x000007feffb70000 	C:\Windows\system32\WLDAP32.dll
0x000007fefa850000 - 0x000007fefa877000 	C:\Windows\system32\iphlpapi.dll
0x000007fefa840000 - 0x000007fefa84b000 	C:\Windows\system32\WINNSI.DLL
0x000007fefce40000 - 0x000007fefce9b000 	C:\Windows\system32\DNSAPI.dll
0x000007fefa3e0000 - 0x000007fefa3f1000 	C:\Windows\system32\dhcpcsvc6.DLL
0x000007fefa400000 - 0x000007fefa418000 	C:\Windows\system32\dhcpcsvc.DLL
0x0000000070320000 - 0x0000000070323000 	C:\Windows\system32\icmp.Dll
0x000000006d7f0000 - 0x000000006dda8000 	C:\Program Files\MATLAB\R2009bSP1x64\sys\java\jre\win64\jre\bin\server\jvm.dll
0x000007fefb8b0000 - 0x000007fefb8eb000 	C:\Windows\system32\WINMM.dll
0x000000007a840000 - 0x000000007a84a000 	C:\Program Files\MATLAB\R2009bSP1x64\sys\java\jre\win64\jre\bin\hpi.dll
0x000000007a860000 - 0x000000007a86e000 	C:\Program Files\MATLAB\R2009bSP1x64\sys\java\jre\win64\jre\bin\verify.dll
0x0000000079090000 - 0x00000000790b7000 	C:\Program Files\MATLAB\R2009bSP1x64\sys\java\jre\win64\jre\bin\java.dll
0x000000007a870000 - 0x000000007a882000 	C:\Program Files\MATLAB\R2009bSP1x64\sys\java\jre\win64\jre\bin\zip.dll
0x0000000079010000 - 0x0000000079032000 	C:\Program Files\MATLAB\R2009bSP1x64\bin\win64\nativejava.dll
0x0000000079040000 - 0x000000007906b000 	C:\Program Files\MATLAB\R2009bSP1x64\bin\win64\nativejmi.dll
0x000000007c650000 - 0x000000007c657000 	C:\Program Files\MATLAB\R2009bSP1x64\bin\win64\nativeservices.dll
0x000000007a2c0000 - 0x000000007a482000 	C:\Program Files\MATLAB\R2009bSP1x64\sys\java\jre\win64\jre\bin\awt.dll
0x000000007a940000 - 0x000000007a9ab000 	C:\Program Files\MATLAB\R2009bSP1x64\sys\java\jre\win64\jre\bin\fontmanager.dll
0x00000000790c0000 - 0x00000000790d7000 	C:\Program Files\MATLAB\R2009bSP1x64\sys\java\jre\win64\jre\bin\net.dll
0x000007fefcfd0000 - 0x000007fefd024000 	C:\Windows\system32\mswsock.dll

VM Arguments:
jvm_args: -Xss512k -XX:PermSize=32m -Xms64m -XX:NewRatio=3 -XX:MaxPermSize=128m -Xmx196m -XX:MaxDirectMemorySize=2147400000 -Dsun.java2d.noddraw=true -Dsun.awt.nopixfmt=true -Xshare:off -Xrs -Djava.library.path=C:\Program Files\MATLAB\R2009bSP1x64\bin\win64 vfprintf abort 
java_command: <unknown>
Launcher Type: generic

Environment Variables:
PATH=C:\Program Files\Common Files\Microsoft Shared\Windows Live;C:\Program Files (x86)\Common Files\Microsoft Shared\Windows Live;C:\Windows\system32;C:\Windows;C:\Windows\System32\Wbem;C:\Windows\System32\WindowsPowerShell\v1.0\;C:\Program Files\MATLAB\R2009bSP1x64\runtime\win64;C:\Program Files\MATLAB\R2009bSP1x64\bin;C:\Program Files (x86)\MATLAB\R2009bSP1x86\bin;C:\Program Files\MATLAB\MATLAB Compiler Runtime\v714\runtime\win64;C:\Program Files\TortoiseSVN\bin;C:\Program Files (x86)\Windows Live\Shared;C:\Users\nate\.irods;C:\Octave\3.2.4_gcc-4.4.0\bin\;C:\Program Files\TortoiseGit\bin
USERNAME=nate
OS=Windows_NT
PROCESSOR_IDENTIFIER=Intel64 Family 6 Model 44 Stepping 2, GenuineIntel



---------------  S Y S T E M  ---------------

OS: Windows NT 6.1 Build 7600 

CPU:total 24 (16 cores per cpu, 2 threads per core) family 6 model 12 stepping 2, cmov, cx8, fxsr, mmx, sse, sse2, sse3, ssse3, ht

Memory: 4k page, physical 134207560k(112376004k free), swap 457771168k(401143828k free)

vm_info: Java HotSpot(TM) 64-Bit Server VM (11.2-b01) for windows-amd64 JRE (1.6.0_12-b04), built on Jan 17 2009 01:49:05 by "java_re" with MS VC++ 8.0

time: Tue Jul 19 08:43:18 2011
elapsed time: 63745 seconds

